Determining if the pthread_create exist failed with the following output:
Change Dir: /home/student/students/harshil/iarc_ws/build/pcl/CMakeFiles/CMakeTmp

Run Build Command:"/usr/bin/make" "cmTC_9fb39/fast"
/usr/bin/make -f CMakeFiles/cmTC_9fb39.dir/build.make CMakeFiles/cmTC_9fb39.dir/build
make[1]: Entering directory '/home/student/students/harshil/iarc_ws/build/pcl/CMakeFiles/CMakeTmp'
Building C object CMakeFiles/cmTC_9fb39.dir/CheckSymbolExists.c.o
/usr/bin/cc    -o CMakeFiles/cmTC_9fb39.dir/CheckSymbolExists.c.o   -c /home/student/students/harshil/iarc_ws/build/pcl/CMakeFiles/CMakeTmp/CheckSymbolExists.c
Linking C executable cmTC_9fb39
/usr/bin/cmake -E cmake_link_script CMakeFiles/cmTC_9fb39.dir/link.txt --verbose=1
/usr/bin/cc      -rdynamic CMakeFiles/cmTC_9fb39.dir/CheckSymbolExists.c.o  -o cmTC_9fb39 
CMakeFiles/cmTC_9fb39.dir/CheckSymbolExists.c.o: In function `main':
CheckSymbolExists.c:(.text+0x1b): undefined reference to `pthread_create'
collect2: error: ld returned 1 exit status
CMakeFiles/cmTC_9fb39.dir/build.make:97: recipe for target 'cmTC_9fb39' failed
make[1]: *** [cmTC_9fb39] Error 1
make[1]: Leaving directory '/home/student/students/harshil/iarc_ws/build/pcl/CMakeFiles/CMakeTmp'
Makefile:126: recipe for target 'cmTC_9fb39/fast' failed
make: *** [cmTC_9fb39/fast] Error 2

File /home/student/students/harshil/iarc_ws/build/pcl/CMakeFiles/CMakeTmp/CheckSymbolExists.c:
/* */
#include <pthread.h>

int main(int argc, char** argv)
{
  (void)argv;
#ifndef pthread_create
  return ((int*)(&pthread_create))[argc];
#else
  (void)argc;
  return 0;
#endif
}

Determining if the function pthread_create exists in the pthreads failed with the following output:
Change Dir: /home/student/students/harshil/iarc_ws/build/pcl/CMakeFiles/CMakeTmp

Run Build Command:"/usr/bin/make" "cmTC_66274/fast"
/usr/bin/make -f CMakeFiles/cmTC_66274.dir/build.make CMakeFiles/cmTC_66274.dir/build
make[1]: Entering directory '/home/student/students/harshil/iarc_ws/build/pcl/CMakeFiles/CMakeTmp'
Building C object CMakeFiles/cmTC_66274.dir/CheckFunctionExists.c.o
/usr/bin/cc   -DCHECK_FUNCTION_EXISTS=pthread_create   -o CMakeFiles/cmTC_66274.dir/CheckFunctionExists.c.o   -c /usr/share/cmake-3.10/Modules/CheckFunctionExists.c
Linking C executable cmTC_66274
/usr/bin/cmake -E cmake_link_script CMakeFiles/cmTC_66274.dir/link.txt --verbose=1
/usr/bin/cc  -DCHECK_FUNCTION_EXISTS=pthread_create    -rdynamic CMakeFiles/cmTC_66274.dir/CheckFunctionExists.c.o  -o cmTC_66274 -lpthreads 
/usr/bin/ld: cannot find -lpthreads
collect2: error: ld returned 1 exit status
CMakeFiles/cmTC_66274.dir/build.make:97: recipe for target 'cmTC_66274' failed
make[1]: *** [cmTC_66274] Error 1
make[1]: Leaving directory '/home/student/students/harshil/iarc_ws/build/pcl/CMakeFiles/CMakeTmp'
Makefile:126: recipe for target 'cmTC_66274/fast' failed
make: *** [cmTC_66274/fast] Error 2


