Determining if the pthread_create exist failed with the following output:
Change Dir: /home/student/students/harshil/iarc_ws/build/autopilot/CMakeFiles/CMakeTmp

Run Build Command:"/usr/bin/make" "cmTC_cd3b2/fast"
/usr/bin/make -f CMakeFiles/cmTC_cd3b2.dir/build.make CMakeFiles/cmTC_cd3b2.dir/build
make[1]: Entering directory '/home/student/students/harshil/iarc_ws/build/autopilot/CMakeFiles/CMakeTmp'
Building C object CMakeFiles/cmTC_cd3b2.dir/CheckSymbolExists.c.o
/usr/bin/cc    -o CMakeFiles/cmTC_cd3b2.dir/CheckSymbolExists.c.o   -c /home/student/students/harshil/iarc_ws/build/autopilot/CMakeFiles/CMakeTmp/CheckSymbolExists.c
Linking C executable cmTC_cd3b2
/usr/bin/cmake -E cmake_link_script CMakeFiles/cmTC_cd3b2.dir/link.txt --verbose=1
/usr/bin/cc      -rdynamic CMakeFiles/cmTC_cd3b2.dir/CheckSymbolExists.c.o  -o cmTC_cd3b2 
CMakeFiles/cmTC_cd3b2.dir/CheckSymbolExists.c.o: In function `main':
CheckSymbolExists.c:(.text+0x1b): undefined reference to `pthread_create'
collect2: error: ld returned 1 exit status
CMakeFiles/cmTC_cd3b2.dir/build.make:97: recipe for target 'cmTC_cd3b2' failed
make[1]: *** [cmTC_cd3b2] Error 1
make[1]: Leaving directory '/home/student/students/harshil/iarc_ws/build/autopilot/CMakeFiles/CMakeTmp'
Makefile:126: recipe for target 'cmTC_cd3b2/fast' failed
make: *** [cmTC_cd3b2/fast] Error 2

File /home/student/students/harshil/iarc_ws/build/autopilot/CMakeFiles/CMakeTmp/CheckSymbolExists.c:
/* */
#include <pthread.h>

int main(int argc, char** argv)
{
  (void)argv;
#ifndef pthread_create
  return ((int*)(&pthread_create))[argc];
#else
  (void)argc;
  return 0;
#endif
}

Determining if the function pthread_create exists in the pthreads failed with the following output:
Change Dir: /home/student/students/harshil/iarc_ws/build/autopilot/CMakeFiles/CMakeTmp

Run Build Command:"/usr/bin/make" "cmTC_48adc/fast"
/usr/bin/make -f CMakeFiles/cmTC_48adc.dir/build.make CMakeFiles/cmTC_48adc.dir/build
make[1]: Entering directory '/home/student/students/harshil/iarc_ws/build/autopilot/CMakeFiles/CMakeTmp'
Building C object CMakeFiles/cmTC_48adc.dir/CheckFunctionExists.c.o
/usr/bin/cc   -DCHECK_FUNCTION_EXISTS=pthread_create   -o CMakeFiles/cmTC_48adc.dir/CheckFunctionExists.c.o   -c /usr/share/cmake-3.10/Modules/CheckFunctionExists.c
Linking C executable cmTC_48adc
/usr/bin/cmake -E cmake_link_script CMakeFiles/cmTC_48adc.dir/link.txt --verbose=1
/usr/bin/cc  -DCHECK_FUNCTION_EXISTS=pthread_create    -rdynamic CMakeFiles/cmTC_48adc.dir/CheckFunctionExists.c.o  -o cmTC_48adc -lpthreads 
/usr/bin/ld: cannot find -lpthreads
collect2: error: ld returned 1 exit status
CMakeFiles/cmTC_48adc.dir/build.make:97: recipe for target 'cmTC_48adc' failed
make[1]: *** [cmTC_48adc] Error 1
make[1]: Leaving directory '/home/student/students/harshil/iarc_ws/build/autopilot/CMakeFiles/CMakeTmp'
Makefile:126: recipe for target 'cmTC_48adc/fast' failed
make: *** [cmTC_48adc/fast] Error 2


