Determining if the pthread_create exist failed with the following output:
Change Dir: /home/student/students/harshil/iarc_ws/build/mavros_extras/CMakeFiles/CMakeTmp

Run Build Command:"/usr/bin/make" "cmTC_d5fe5/fast"
/usr/bin/make -f CMakeFiles/cmTC_d5fe5.dir/build.make CMakeFiles/cmTC_d5fe5.dir/build
make[1]: Entering directory '/home/student/students/harshil/iarc_ws/build/mavros_extras/CMakeFiles/CMakeTmp'
Building C object CMakeFiles/cmTC_d5fe5.dir/CheckSymbolExists.c.o
/usr/bin/cc    -o CMakeFiles/cmTC_d5fe5.dir/CheckSymbolExists.c.o   -c /home/student/students/harshil/iarc_ws/build/mavros_extras/CMakeFiles/CMakeTmp/CheckSymbolExists.c
Linking C executable cmTC_d5fe5
/usr/bin/cmake -E cmake_link_script CMakeFiles/cmTC_d5fe5.dir/link.txt --verbose=1
/usr/bin/cc      -rdynamic CMakeFiles/cmTC_d5fe5.dir/CheckSymbolExists.c.o  -o cmTC_d5fe5 
CMakeFiles/cmTC_d5fe5.dir/CheckSymbolExists.c.o: In function `main':
CheckSymbolExists.c:(.text+0x1b): undefined reference to `pthread_create'
collect2: error: ld returned 1 exit status
CMakeFiles/cmTC_d5fe5.dir/build.make:97: recipe for target 'cmTC_d5fe5' failed
make[1]: *** [cmTC_d5fe5] Error 1
make[1]: Leaving directory '/home/student/students/harshil/iarc_ws/build/mavros_extras/CMakeFiles/CMakeTmp'
Makefile:126: recipe for target 'cmTC_d5fe5/fast' failed
make: *** [cmTC_d5fe5/fast] Error 2

File /home/student/students/harshil/iarc_ws/build/mavros_extras/CMakeFiles/CMakeTmp/CheckSymbolExists.c:
/* */
#include <pthread.h>

int main(int argc, char** argv)
{
  (void)argv;
#ifndef pthread_create
  return ((int*)(&pthread_create))[argc];
#else
  (void)argc;
  return 0;
#endif
}

Determining if the function pthread_create exists in the pthreads failed with the following output:
Change Dir: /home/student/students/harshil/iarc_ws/build/mavros_extras/CMakeFiles/CMakeTmp

Run Build Command:"/usr/bin/make" "cmTC_777de/fast"
/usr/bin/make -f CMakeFiles/cmTC_777de.dir/build.make CMakeFiles/cmTC_777de.dir/build
make[1]: Entering directory '/home/student/students/harshil/iarc_ws/build/mavros_extras/CMakeFiles/CMakeTmp'
Building C object CMakeFiles/cmTC_777de.dir/CheckFunctionExists.c.o
/usr/bin/cc   -DCHECK_FUNCTION_EXISTS=pthread_create   -o CMakeFiles/cmTC_777de.dir/CheckFunctionExists.c.o   -c /usr/share/cmake-3.10/Modules/CheckFunctionExists.c
Linking C executable cmTC_777de
/usr/bin/cmake -E cmake_link_script CMakeFiles/cmTC_777de.dir/link.txt --verbose=1
/usr/bin/cc  -DCHECK_FUNCTION_EXISTS=pthread_create    -rdynamic CMakeFiles/cmTC_777de.dir/CheckFunctionExists.c.o  -o cmTC_777de -lpthreads 
/usr/bin/ld: cannot find -lpthreads
collect2: error: ld returned 1 exit status
CMakeFiles/cmTC_777de.dir/build.make:97: recipe for target 'cmTC_777de' failed
make[1]: *** [cmTC_777de] Error 1
make[1]: Leaving directory '/home/student/students/harshil/iarc_ws/build/mavros_extras/CMakeFiles/CMakeTmp'
Makefile:126: recipe for target 'cmTC_777de/fast' failed
make: *** [cmTC_777de/fast] Error 2


