[  0%] Built target roscpp_generate_messages_cpp
[  0%] Built target sensor_msgs_generate_messages_nodejs
[  0%] Built target std_msgs_generate_messages_lisp
[  0%] Built target actionlib_generate_messages_cpp
[  0%] Built target roscpp_generate_messages_nodejs
[  0%] Built target geometry_msgs_generate_messages_nodejs
[  0%] Built target geographic_msgs_generate_messages_py
[  0%] Built target rosgraph_msgs_generate_messages_nodejs
[  0%] Built target geometry_msgs_generate_messages_py
[  0%] Built target uuid_msgs_generate_messages_cpp
[  3%] Built target std_msgs_generate_messages_nodejs
[  3%] [32m[1mLinking CXX executable /home/student/students/harshil/iarc_ws/devel/.private/mavros_extras/lib/mavros_extras/visualization[0m
[  3%] Built target uuid_msgs_generate_messages_py
[  3%] Built target std_msgs_generate_messages_py
[  3%] Built target mavros_msgs_generate_messages_cpp
[  3%] Built target diagnostic_msgs_generate_messages_eus
[  3%] Built target trajectory_msgs_generate_messages_cpp
[  3%] Built target nav_msgs_generate_messages_cpp
[  3%] Built target actionlib_msgs_generate_messages_lisp
[  3%] Built target mavros_msgs_generate_messages_eus
[  3%] Built target sensor_msgs_generate_messages_lisp
[  3%] Built target uuid_msgs_generate_messages_nodejs
[  3%] Built target mavros_msgs_generate_messages_py
[  3%] Built target mavros_msgs_generate_messages_lisp
[  3%] Built target sensor_msgs_generate_messages_py
[  3%] Built target sensor_msgs_generate_messages_eus
[  3%] Built target nav_msgs_generate_messages_lisp
[  3%] Built target actionlib_msgs_generate_messages_eus
[  3%] Built target sensor_msgs_generate_messages_cpp
[  3%] Built target rosgraph_msgs_generate_messages_py
[  3%] Built target roscpp_generate_messages_eus
[  3%] Built target actionlib_generate_messages_eus
[  3%] Built target diagnostic_msgs_generate_messages_cpp
[  3%] Built target actionlib_msgs_generate_messages_py
[  3%] Built target geometry_msgs_generate_messages_cpp
[  3%] Built target tf2_msgs_generate_messages_cpp
[  3%] Built target actionlib_generate_messages_lisp
[  3%] Built target nav_msgs_generate_messages_py
[  3%] Built target nav_msgs_generate_messages_eus
[  3%] Built target visualization_msgs_generate_messages_cpp
[  3%] Built target tf2_msgs_generate_messages_eus
[  3%] Built target actionlib_generate_messages_py
[  3%] Built target tf2_msgs_generate_messages_lisp
[  3%] Built target tf2_msgs_generate_messages_nodejs
[  3%] Built target tf2_msgs_generate_messages_py
[  3%] Built target trajectory_msgs_generate_messages_nodejs
[  3%] Built target trajectory_msgs_generate_messages_lisp
[  3%] Built target actionlib_generate_messages_nodejs
[  3%] Built target actionlib_msgs_generate_messages_cpp
[  3%] Built target rosgraph_msgs_generate_messages_cpp
[  3%] Built target tf_generate_messages_cpp
[  3%] Built target tf_generate_messages_eus
[  3%] Built target tf_generate_messages_lisp
[  3%] Built target diagnostic_msgs_generate_messages_nodejs
[  3%] Built target geometry_msgs_generate_messages_eus
[  3%] Built target mavros_msgs_generate_messages_nodejs
[  3%] Built target geographic_msgs_generate_messages_cpp
[  3%] Built target diagnostic_msgs_generate_messages_lisp
[  3%] Built target geographic_msgs_generate_messages_nodejs
[  3%] Built target uuid_msgs_generate_messages_lisp
[  3%] Built target roscpp_generate_messages_lisp
[  3%] Built target std_msgs_generate_messages_cpp
[  3%] Built target actionlib_msgs_generate_messages_nodejs
[  3%] Built target geometry_msgs_generate_messages_lisp
[  3%] Built target roscpp_generate_messages_py
[  3%] Built target nav_msgs_generate_messages_nodejs
[  3%] Built target trajectory_msgs_generate_messages_eus
[  3%] Built target std_msgs_generate_messages_eus
[  3%] Built target visualization_msgs_generate_messages_lisp
[  3%] Built target trajectory_msgs_generate_messages_py
[  3%] Built target visualization_msgs_generate_messages_nodejs
[  3%] Built target visualization_msgs_generate_messages_eus
[  3%] Built target visualization_msgs_generate_messages_py
[  3%] Built target tf_generate_messages_nodejs
[  3%] Built target tf_generate_messages_py
[  3%] Built target diagnostic_msgs_generate_messages_py
[  3%] Built target uuid_msgs_generate_messages_eus
[  3%] Built target geographic_msgs_generate_messages_eus
[  3%] Built target geographic_msgs_generate_messages_lisp
[  3%] Built target rosgraph_msgs_generate_messages_lisp
[  6%] [32m[1mLinking CXX executable /home/student/students/harshil/iarc_ws/devel/.private/mavros_extras/lib/mavros_extras/servo_state_publisher[0m
[  6%] Built target rosgraph_msgs_generate_messages_eus
[ 10%] Built target visualization
[ 13%] Built target servo_state_publisher
[ 17%] [32m[1mLinking CXX shared library /home/student/students/harshil/iarc_ws/devel/.private/mavros_extras/lib/libmavros_extras.so[0m
[100%] Built target mavros_extras
